<?xml version="1.0" encoding="UTF-8"?>
<testsuite name="AppTest" tests="3" skipped="0" failures="0" errors="0" timestamp="2018-05-16T10:30:09" hostname="Sams-Air.localdomain" time="0.023">
  <properties/>
  <testcase name="returnsNumberOfCoins50_20_10" classname="AppTest" time="0.013"/>
  <testcase name="returnsNumberOfCoins50" classname="AppTest" time="0.003"/>
  <testcase name="returnsNumberOfCoins50_20_10_5" classname="AppTest" time="0.005"/>
  <system-out><![CDATA[number - 50
[50]
40
number - 20
[50, 20]
20
number - 20
[50, 20, 20]
0
number - 50
[50]
20
number - 20
[50, 20]
0
number - 20
[20]
20
number - 20
[20, 20]
0
number - 50
[50]
0
number - 50
[50]
45
number - 20
[50, 20]
25
number - 20
[50, 20, 20]
5
number - 5
[50, 20, 20, 5]
0
]]></system-out>
  <system-err><![CDATA[]]></system-err>
</testsuite>
