<?xml version="1.0" encoding="UTF-8"?>
<testsuite name="AppTest" tests="4" skipped="0" failures="0" errors="0" timestamp="2018-05-16T10:42:47" hostname="Sams-Air.localdomain" time="0.006">
  <properties/>
  <testcase name="returnsNumberOfCoins50_20_10" classname="AppTest" time="0.002"/>
  <testcase name="returnsNumberOfCoins50" classname="AppTest" time="0.0"/>
  <testcase name="returnsNumberOfCoins50_20_10_5_2" classname="AppTest" time="0.0"/>
  <testcase name="returnsNumberOfCoins50_20_10_5" classname="AppTest" time="0.0"/>
  <system-out><![CDATA[]]></system-out>
  <system-err><![CDATA[]]></system-err>
</testsuite>
